#
# A fatal error has been detected by the Java Runtime Environment:
#
#  EXCEPTION_ACCESS_VIOLATION (0xc0000005) at pc=0x00007ffe0eca3561, pid=18912, tid=1492
#
# JRE version: OpenJDK Runtime Environment AdoptOpenJDK (14.0.2+12) (build 14.0.2+12)
# Java VM: OpenJDK 64-Bit Server VM AdoptOpenJDK (14.0.2+12, mixed mode, sharing, tiered, compressed oops, g1 gc, windows-amd64)
# Problematic frame:
# V  [jvm.dll+0x183561]
#
# No core dump will be written. Minidumps are not enabled by default on client versions of Windows
#
# If you would like to submit a bug report, please visit:
#   https://github.com/AdoptOpenJDK/openjdk-support/issues
#

---------------  S U M M A R Y ------------

Command Line: -Dserver.port=8000 -javaagent:C:\Users\nisum\AppData\Local\JetBrains\IntelliJ IDEA Community Edition 2021.1.1\lib\idea_rt.jar=63704:C:\Users\nisum\AppData\Local\JetBrains\IntelliJ IDEA Community Edition 2021.1.1\bin -Dfile.encoding=UTF-8 com.currencyexchange.CurrencyExchangeApplication

Host: Intel(R) Core(TM) i5-5200U CPU @ 2.20GHz, 4 cores, 15G,  Windows 10 , 64 bit Build 19041 (10.0.19041.1023)
Time: Fri Jul 16 13:56:38 2021 India Standard Time elapsed time: 3546 seconds (0d 0h 59m 6s)

---------------  T H R E A D  ---------------

Current thread (0x000001ef3aedd000):  GCTaskThread "GC Thread#0" [stack: 0x0000002fd7700000,0x0000002fd7800000] [id=1492]

Stack: [0x0000002fd7700000,0x0000002fd7800000],  sp=0x0000002fd77ff858,  free space=1022k
Native frames: (J=compiled Java code, j=interpreted, Vv=VM code, C=native code)
V  [jvm.dll+0x183561]


siginfo: EXCEPTION_ACCESS_VIOLATION (0xc0000005), reading address 0x00000005000000f8


Register to memory mapping:

RIP=0x00007ffe0eca3561 jvm.dll
RAX=0x0000000500000000 is an unknown value
RBX=0x0020002000200020 is an unknown value
RCX=0x0000000801000100 is pointing into metadata
RDX=
[error occurred during error reporting (printing register info), id 0xc0000005, EXCEPTION_ACCESS_VIOLATION (0xc0000005) at pc=0x00007ffe0edb9330]

Registers:
RAX=0x0000000500000000, RBX=0x0020002000200020, RCX=0x0000000801000100, RDX=0x000000070430cac0
RSP=0x0000002fd77ff858, RBP=0x000001ef676f1110, RSI=0x000001ef676f1110, RDI=0x0000000000000001
R8 =0x000000000000ffff, R9 =0x0000000801000100, R10=0x000000070430cb10, R11=0x0000000703fe6b30
R12=0x00007ffe0f3c4998, R13=0x00000000000003d8, R14=0x000001ef3d1befe8, R15=0x000000070430cac0
RIP=0x00007ffe0eca3561, EFLAGS=0x0000000000010202

Top of Stack: (sp=0x0000002fd77ff858)
0x0000002fd77ff858:   00007ffe0edebca9 0000000701bacbc0
0x0000002fd77ff868:   00007ffe0edbd807 0000000000000001
0x0000002fd77ff878:   0000000000000000 0000000700000000
0x0000002fd77ff888:   00000000000000c0 0000000703fe6b40
0x0000002fd77ff898:   00007ffe0edeaf2f 0000000703fe6b58
0x0000002fd77ff8a8:   0000000800388160 000001ef676f12b0
0x0000002fd77ff8b8:   0000000000000000 00000000000003d8
0x0000002fd77ff8c8:   00007ffe0f3c4998 000001ef676f1110
0x0000002fd77ff8d8:   0000002fd77ff9f0 0000000703fe6b5c
0x0000002fd77ff8e8:   00007ffe0edc038d 000001ef676f1110
0x0000002fd77ff8f8:   000001ef3d1b0001 000001ef676f1110
0x0000002fd77ff908:   00007ffe0edc742f 000001ef3d1befe0
0x0000002fd77ff918:   00007ffe0edec918 00000000000005d1
0x0000002fd77ff928:   000001ef3d2445d0 0000000000000000
0x0000002fd77ff938:   0000002fd77ffa60 00000000000003d8
0x0000002fd77ff948:   00007ffe0f3c4998 000001ef676f1110 

Instructions: (pc=0x00007ffe0eca3561)
0x00007ffe0eca3461:   74 32 0f 10 83 58 03 00 00 48 8b 07 48 8d 54 24
0x00007ffe0eca3471:   20 48 8b cf 0f 29 44 24 20 ff 50 40 33 c0 48 89
0x00007ffe0eca3481:   44 24 20 48 89 44 24 28 0f 10 44 24 20 0f 11 83
0x00007ffe0eca3491:   58 03 00 00 48 8b 5c 24 40 48 83 c4 30 5f c3 48
0x00007ffe0eca34a1:   8b 49 40 48 8b 01 48 ff 60 28 cc cc cc cc cc 80
0x00007ffe0eca34b1:   3d fa d0 92 00 00 48 8b c1 74 1b 8b 51 08 8b 0d
0x00007ffe0eca34c1:   0b 7f 8a 00 48 d3 e2 48 8b c8 48 03 15 f6 7e 8a
0x00007ffe0eca34d1:   00 e9 19 00 00 00 48 8b 51 08 48 8b c8 e9 0d 00
0x00007ffe0eca34e1:   00 00 cc cc cc cc cc cc cc cc cc cc cc cc cc 4c
0x00007ffe0eca34f1:   8b ca 48 8b d1 45 8b 41 08 45 85 c0 7e 0e 41 f6
0x00007ffe0eca3501:   c0 01 75 56 41 c1 f8 03 41 8b c0 c3 79 4c 80 3d
0x00007ffe0eca3511:   9b d0 92 00 00 b8 0c 00 00 00 b9 10 00 00 00 0f
0x00007ffe0eca3521:   45 c8 8b 05 cb 8e 8a 00 ff c8 4c 63 c8 48 63 14
0x00007ffe0eca3531:   11 41 8b c8 83 e1 3f 48 d3 e2 41 8b c8 48 c1 f9
0x00007ffe0eca3541:   10 0f b6 c1 49 8d 0c 11 49 f7 d1 48 03 c1 49 c1
0x00007ffe0eca3551:   e9 03 48 c1 e8 03 41 23 c1 c3 49 8b 01 49 8b c9
0x00007ffe0eca3561:   48 ff a0 f8 00 00 00 cc cc cc cc cc cc cc cc 48
0x00007ffe0eca3571:   8b c2 c3 cc cc cc cc cc cc cc cc cc cc cc cc 48
0x00007ffe0eca3581:   83 ec 38 0f 10 02 48 8b 49 40 48 8d 54 24 20 0f
0x00007ffe0eca3591:   29 44 24 20 e8 b6 f2 ff ff 48 83 c4 38 c3 cc 48
0x00007ffe0eca35a1:   83 ec 38 0f 10 02 48 8b 01 48 8d 54 24 20 0f 29
0x00007ffe0eca35b1:   44 24 20 ff 50 38 48 83 c4 38 c3 cc cc cc cc 48
0x00007ffe0eca35c1:   89 5c 24 08 55 56 57 41 54 41 55 41 56 41 57 48
0x00007ffe0eca35d1:   8d 6c 24 e0 48 81 ec 20 01 00 00 48 8b 05 45 df
0x00007ffe0eca35e1:   8d 00 48 33 c4 48 89 45 10 48 8b 05 df 5a 90 00
0x00007ffe0eca35f1:   45 33 ed 4c 8b b5 80 00 00 00 4c 8b fa 48 8b bd
0x00007ffe0eca3601:   88 00 00 00 4d 8b c6 49 8b d6 49 8b f1 48 8b 48
0x00007ffe0eca3611:   40 48 8b 59 48 49 8b cf c7 45 c0 ff ff ff ff 44
0x00007ffe0eca3621:   89 6d d4 4c 89 6d d8 44 88 6d e0 c7 45 e8 ff ff
0x00007ffe0eca3631:   ff ff 44 89 6d fc 4c 89 6d 00 44 88 6d 08 e8 2c
0x00007ffe0eca3641:   af f5 ff 41 b1 01 4c 8d 45 e8 41 8d 55 04 49 8b
0x00007ffe0eca3651:   cf e8 89 79 f4 ff 48 8b 05 22 38 77 00 4c 8d 25 


Stack slot to memory mapping:
stack at sp + 0 slots: 0x00007ffe0edebca9 jvm.dll
stack at sp + 1 slots: 0x0000000701bacbc0 is an oop: java.lang.Class 
{0x0000000701bacbc0} - klass: 'java/lang/Class'
stack at sp + 2 slots: 0x00007ffe0edbd807 jvm.dll
stack at sp + 3 slots: 0x0000000000000001 is an unknown value
stack at sp + 4 slots: 0x0 is NULL
stack at sp + 5 slots: 0x0000000700000000 is an unknown value
stack at sp + 6 slots: 0x00000000000000c0 is an unknown value
stack at sp + 7 slots: 0x0000000703fe6b40 is pointing into object: java.lang.reflect.Method 
{0x0000000703fe6b30} - klass: 'java/lang/reflect/Method'


---------------  P R O C E S S  ---------------

Threads class SMR info:
_java_thread_list=0x000001ef65d516b0, length=50, elements={
0x000001ef3d39b000, 0x000001ef3d39e000, 0x000001ef61a27000, 0x000001ef61a2a800,
0x000001ef61a2b800, 0x000001ef61a2d800, 0x000001ef61a30000, 0x000001ef61a31000,
0x000001ef61cd3800, 0x000001ef62355000, 0x000001ef62356000, 0x000001ef67156800,
0x000001ef65a2e800, 0x000001ef62a49000, 0x000001ef64cb0000, 0x000001ef65ba4000,
0x000001ef65ba5000, 0x000001ef65ba6000, 0x000001ef65ba0000, 0x000001ef65b9f800,
0x000001ef65ba1000, 0x000001ef65ba1800, 0x000001ef65ba3800, 0x000001ef65ba2800,
0x000001ef67b4b000, 0x000001ef67b4b800, 0x000001ef67b4c800, 0x000001ef67b4d000,
0x000001ef67b4e000, 0x000001ef67b4f000, 0x000001ef67b4f800, 0x000001ef67b4a000,
0x000001ef67b53000, 0x000001ef67b55800, 0x000001ef67b56000, 0x000001ef67b50800,
0x000001ef67b54000, 0x000001ef67b57000, 0x000001ef67b54800, 0x000001ef67b51800,
0x000001ef67b58000, 0x000001ef67b52000, 0x000001ef67b58800, 0x000001ef673e8000,
0x000001ef673e8800, 0x000001ef673e6000, 0x000001ef673e3000, 0x000001ef673e7000,
0x000001ef673e9800, 0x000001ef673ea800
}

Java Threads: ( => current thread )
  0x000001ef3d39b000 JavaThread "Reference Handler" daemon [_thread_blocked, id=17644, stack(0x0000002fd7d00000,0x0000002fd7e00000)]
  0x000001ef3d39e000 JavaThread "Finalizer" daemon [_thread_blocked, id=17612, stack(0x0000002fd7e00000,0x0000002fd7f00000)]
  0x000001ef61a27000 JavaThread "Signal Dispatcher" daemon [_thread_blocked, id=12836, stack(0x0000002fd7f00000,0x0000002fd8000000)]
  0x000001ef61a2a800 JavaThread "Attach Listener" daemon [_thread_blocked, id=15752, stack(0x0000002fd8000000,0x0000002fd8100000)]
  0x000001ef61a2b800 JavaThread "Service Thread" daemon [_thread_blocked, id=17764, stack(0x0000002fd8100000,0x0000002fd8200000)]
  0x000001ef61a2d800 JavaThread "C2 CompilerThread0" daemon [_thread_blocked, id=15940, stack(0x0000002fd8200000,0x0000002fd8300000)]
  0x000001ef61a30000 JavaThread "C1 CompilerThread0" daemon [_thread_blocked, id=17640, stack(0x0000002fd8300000,0x0000002fd8400000)]
  0x000001ef61a31000 JavaThread "Sweeper thread" daemon [_thread_blocked, id=9908, stack(0x0000002fd8400000,0x0000002fd8500000)]
  0x000001ef61cd3800 JavaThread "Common-Cleaner" daemon [_thread_blocked, id=10216, stack(0x0000002fd8500000,0x0000002fd8600000)]
  0x000001ef62355000 JavaThread "Monitor Ctrl-Break" daemon [_thread_in_native, id=14536, stack(0x0000002fd8a00000,0x0000002fd8b00000)]
  0x000001ef62356000 JavaThread "Notification Thread" daemon [_thread_blocked, id=14028, stack(0x0000002fd8b00000,0x0000002fd8c00000)]
  0x000001ef67156800 JavaThread "H2 File Lock Watchdog C:/Users/nisum/test.lock.db" daemon [_thread_blocked, id=20052, stack(0x0000002fd9000000,0x0000002fd9100000)]
  0x000001ef65a2e800 JavaThread "H2 TCP Server (tcp://192.168.43.39:63714)" daemon [_thread_in_native, id=15740, stack(0x0000002fd9100000,0x0000002fd9200000)]
  0x000001ef62a49000 JavaThread "MVStore background writer nio:C:/Users/nisum/test.mv.db" daemon [_thread_blocked, id=19500, stack(0x0000002fd9300000,0x0000002fd9400000)]
  0x000001ef64cb0000 JavaThread "HikariPool-1 housekeeper" daemon [_thread_blocked, id=996, stack(0x0000002fd9400000,0x0000002fd9500000)]
  0x000001ef65ba4000 JavaThread "Catalina-utility-1" [_thread_blocked, id=4264, stack(0x0000002fd9600000,0x0000002fd9700000)]
  0x000001ef65ba5000 JavaThread "Catalina-utility-2" [_thread_blocked, id=16816, stack(0x0000002fd9700000,0x0000002fd9800000)]
  0x000001ef65ba6000 JavaThread "container-0" [_thread_blocked, id=19584, stack(0x0000002fd9800000,0x0000002fd9900000)]
  0x000001ef65ba0000 JavaThread "spring.cloud.inetutils" daemon [_thread_blocked, id=14248, stack(0x0000002fd9200000,0x0000002fd9300000)]
  0x000001ef65b9f800 JavaThread "File Watcher" daemon [_thread_blocked, id=15824, stack(0x0000002fd9500000,0x0000002fd9600000)]
  0x000001ef65ba1000 JavaThread "AsyncResolver-bootstrap-0" daemon [_thread_blocked, id=3588, stack(0x0000002fd9a00000,0x0000002fd9b00000)]
  0x000001ef65ba1800 JavaThread "DiscoveryClient-0" daemon [_thread_blocked, id=16256, stack(0x0000002fd9b00000,0x0000002fd9c00000)]
  0x000001ef65ba3800 JavaThread "DiscoveryClient-1" daemon [_thread_blocked, id=15128, stack(0x0000002fd9c00000,0x0000002fd9d00000)]
  0x000001ef65ba2800 JavaThread "DiscoveryClient-InstanceInfoReplicator-0" daemon [_thread_blocked, id=512, stack(0x0000002fd9d00000,0x0000002fd9e00000)]
  0x000001ef67b4b000 JavaThread "http-nio-8000-exec-1" daemon [_thread_blocked, id=12484, stack(0x0000002fd9e00000,0x0000002fd9f00000)]
  0x000001ef67b4b800 JavaThread "http-nio-8000-exec-2" daemon [_thread_blocked, id=15864, stack(0x0000002fd9f00000,0x0000002fda000000)]
  0x000001ef67b4c800 JavaThread "http-nio-8000-exec-3" daemon [_thread_blocked, id=19268, stack(0x0000002fda000000,0x0000002fda100000)]
  0x000001ef67b4d000 JavaThread "http-nio-8000-exec-4" daemon [_thread_blocked, id=19428, stack(0x0000002fda100000,0x0000002fda200000)]
  0x000001ef67b4e000 JavaThread "http-nio-8000-exec-5" daemon [_thread_blocked, id=16500, stack(0x0000002fda200000,0x0000002fda300000)]
  0x000001ef67b4f000 JavaThread "http-nio-8000-exec-6" daemon [_thread_blocked, id=17880, stack(0x0000002fda300000,0x0000002fda400000)]
  0x000001ef67b4f800 JavaThread "http-nio-8000-exec-7" daemon [_thread_blocked, id=13532, stack(0x0000002fda400000,0x0000002fda500000)]
  0x000001ef67b4a000 JavaThread "http-nio-8000-exec-8" daemon [_thread_blocked, id=11044, stack(0x0000002fda500000,0x0000002fda600000)]
  0x000001ef67b53000 JavaThread "http-nio-8000-exec-9" daemon [_thread_blocked, id=17452, stack(0x0000002fda600000,0x0000002fda700000)]
  0x000001ef67b55800 JavaThread "http-nio-8000-exec-10" daemon [_thread_blocked, id=19748, stack(0x0000002fda700000,0x0000002fda800000)]
  0x000001ef67b56000 JavaThread "http-nio-8000-Poller" daemon [_thread_blocked, id=2812, stack(0x0000002fda800000,0x0000002fda900000)]
  0x000001ef67b50800 JavaThread "http-nio-8000-Acceptor" daemon [_thread_in_native, id=17248, stack(0x0000002fda900000,0x0000002fdaa00000)]
  0x000001ef67b54000 JavaThread "DestroyJavaVM" [_thread_blocked, id=16644, stack(0x0000002fd7600000,0x0000002fd7700000)]
  0x000001ef67b57000 JavaThread "DiscoveryClient-HeartbeatExecutor-0" daemon [_thread_blocked, id=11376, stack(0x0000002fd9900000,0x0000002fd9a00000)]
  0x000001ef67b54800 JavaThread "DiscoveryClient-CacheRefreshExecutor-0" daemon [_thread_blocked, id=7548, stack(0x0000002fdaa00000,0x0000002fdab00000)]
  0x000001ef67b51800 JavaThread "AsyncResolver-bootstrap-executor-0" daemon [_thread_blocked, id=9616, stack(0x0000002fd7200000,0x0000002fd7300000)]
  0x000001ef67b58000 JavaThread "H2 TCP Server (tcp://192.168.43.39:63714) thread-2" daemon [_thread_in_native, id=7988, stack(0x0000002fd8900000,0x0000002fd8a00000)]
  0x000001ef67b52000 JavaThread "H2 TCP Server (tcp://192.168.43.39:63714) thread-6" daemon [_thread_in_native, id=19304, stack(0x0000002fd7300000,0x0000002fd7400000)]
  0x000001ef67b58800 JavaThread "H2 TCP Server (tcp://192.168.43.39:63714) thread-10" daemon [_thread_in_native, id=9888, stack(0x0000002fd8d00000,0x0000002fd8e00000)]
  0x000001ef673e8000 JavaThread "H2 TCP Server (tcp://192.168.43.39:63714) thread-14" daemon [_thread_in_native, id=3180, stack(0x0000002fd8f00000,0x0000002fd9000000)]
  0x000001ef673e8800 JavaThread "H2 TCP Server (tcp://192.168.43.39:63714) thread-18" daemon [_thread_in_native, id=20992, stack(0x0000002fdab00000,0x0000002fdac00000)]
  0x000001ef673e6000 JavaThread "H2 TCP Server (tcp://192.168.43.39:63714) thread-22" daemon [_thread_in_native, id=21008, stack(0x0000002fdac00000,0x0000002fdad00000)]
  0x000001ef673e3000 JavaThread "H2 TCP Server (tcp://192.168.43.39:63714) thread-26" daemon [_thread_in_native, id=21064, stack(0x0000002fdad00000,0x0000002fdae00000)]
  0x000001ef673e7000 JavaThread "H2 TCP Server (tcp://192.168.43.39:63714) thread-30" daemon [_thread_in_native, id=13248, stack(0x0000002fdae00000,0x0000002fdaf00000)]
  0x000001ef673e9800 JavaThread "H2 TCP Server (tcp://192.168.43.39:63714) thread-34" daemon [_thread_in_native, id=18292, stack(0x0000002fdaf00000,0x0000002fdb000000)]
  0x000001ef673ea800 JavaThread "H2 TCP Server (tcp://192.168.43.39:63714) thread-38" daemon [_thread_in_native, id=15392, stack(0x0000002fdb000000,0x0000002fdb100000)]

Other Threads:
  0x000001ef3d398800 VMThread "VM Thread" [stack: 0x0000002fd7c00000,0x0000002fd7d00000] [id=2548]
  0x000001ef62356800 WatcherThread [stack: 0x0000002fd8c00000,0x0000002fd8d00000] [id=19936]
=>0x000001ef3aedd000 GCTaskThread "GC Thread#0" [stack: 0x0000002fd7700000,0x0000002fd7800000] [id=1492]
  0x000001ef62238000 GCTaskThread "GC Thread#1" [stack: 0x0000002fd8600000,0x0000002fd8700000] [id=12732]
  0x000001ef62239000 GCTaskThread "GC Thread#2" [stack: 0x0000002fd8700000,0x0000002fd8800000] [id=20184]
  0x000001ef62239800 GCTaskThread "GC Thread#3" [stack: 0x0000002fd8800000,0x0000002fd8900000] [id=15436]
  0x000001ef3aede800 ConcurrentGCThread "G1 Main Marker" [stack: 0x0000002fd7800000,0x0000002fd7900000] [id=17812]
  0x000001ef3d216800 ConcurrentGCThread "G1 Conc#0" [stack: 0x0000002fd7900000,0x0000002fd7a00000] [id=18892]
  0x000001ef3d31d000 ConcurrentGCThread "G1 Refine#0" [stack: 0x0000002fd7a00000,0x0000002fd7b00000] [id=16444]
  0x000001ef3d31f800 ConcurrentGCThread "G1 Young RemSet Sampling" [stack: 0x0000002fd7b00000,0x0000002fd7c00000] [id=2408]

Threads with active compile tasks:

VM state:at safepoint (normal execution)

VM Mutex/Monitor currently owned by a thread:  ([mutex/lock_event])
[0x000001ef3da78b80] Threads_lock - owner thread: 0x000001ef3d398800
[0x000001ef3da79870] Heap_lock - owner thread: 0x000001ef65b9f800

Heap address: 0x0000000701600000, size: 4074 MB, Compressed Oops mode: Zero based, Oop shift amount: 3
Narrow klass base: 0x0000000800000000, Narrow klass shift: 3
Compressed class space size: 1073741824 Address: 0x0000000800b30000

Heap:
 garbage-first heap   total 140288K, used 108700K [0x0000000701600000, 0x0000000800000000)
  region size 1024K, 67 young (68608K), 3 survivors (3072K)
 Metaspace       used 73069K, capacity 75126K, committed 75400K, reserved 1114112K
  class space    used 9761K, capacity 10554K, committed 10624K, reserved 1048576K
Heap Regions: E=young(eden), S=young(survivor), O=old, HS=humongous(starts), HC=humongous(continues), CS=collection set, F=free, OA=open archive, CA=closed archive, TAMS=top-at-mark-start (previous, next)
|   0|0x0000000701600000, 0x0000000701700000, 0x0000000701700000|100%|HS|  |TAMS 0x0000000701700000, 0x0000000701600000| Complete 
|   1|0x0000000701700000, 0x0000000701800000, 0x0000000701800000|100%| O|  |TAMS 0x0000000701800000, 0x0000000701700000| Untracked 
|   2|0x0000000701800000, 0x0000000701900000, 0x0000000701900000|100%| O|  |TAMS 0x0000000701900000, 0x0000000701800000| Untracked 
|   3|0x0000000701900000, 0x0000000701a00000, 0x0000000701a00000|100%| O|  |TAMS 0x0000000701a00000, 0x0000000701900000| Untracked 
|   4|0x0000000701a00000, 0x0000000701b00000, 0x0000000701b00000|100%| O|  |TAMS 0x0000000701b00000, 0x0000000701a00000| Untracked 
|   5|0x0000000701b00000, 0x0000000701c00000, 0x0000000701c00000|100%| O|  |TAMS 0x0000000701c00000, 0x0000000701b00000| Untracked 
|   6|0x0000000701c00000, 0x0000000701d00000, 0x0000000701d00000|100%| O|  |TAMS 0x0000000701d00000, 0x0000000701c00000| Untracked 
|   7|0x0000000701d00000, 0x0000000701e00000, 0x0000000701e00000|100%| O|  |TAMS 0x0000000701e00000, 0x0000000701d00000| Untracked 
|   8|0x0000000701e00000, 0x0000000701f00000, 0x0000000701f00000|100%| O|  |TAMS 0x0000000701f00000, 0x0000000701e00000| Untracked 
|   9|0x0000000701f00000, 0x0000000701fa6e00, 0x0000000702000000| 65%| O|  |TAMS 0x0000000701fa6e00, 0x0000000701f00000| Untracked 
|  10|0x0000000702000000, 0x0000000702100000, 0x0000000702100000|100%| O|  |TAMS 0x0000000702100000, 0x0000000702000000| Untracked 
|  11|0x0000000702100000, 0x0000000702200000, 0x0000000702200000|100%| O|  |TAMS 0x0000000702200000, 0x0000000702100000| Untracked 
|  12|0x0000000702200000, 0x0000000702300000, 0x0000000702300000|100%| O|  |TAMS 0x0000000702300000, 0x0000000702200000| Untracked 
|  13|0x0000000702300000, 0x0000000702400000, 0x0000000702400000|100%| O|  |TAMS 0x0000000702400000, 0x0000000702300000| Untracked 
|  14|0x0000000702400000, 0x0000000702500000, 0x0000000702500000|100%| O|  |TAMS 0x0000000702500000, 0x0000000702400000| Untracked 
|  15|0x0000000702500000, 0x0000000702600000, 0x0000000702600000|100%| O|  |TAMS 0x0000000702600000, 0x0000000702500000| Untracked 
|  16|0x0000000702600000, 0x0000000702700000, 0x0000000702700000|100%| O|  |TAMS 0x0000000702700000, 0x0000000702600000| Untracked 
|  17|0x0000000702700000, 0x0000000702800000, 0x0000000702800000|100%| O|  |TAMS 0x0000000702800000, 0x0000000702700000| Untracked 
|  18|0x0000000702800000, 0x0000000702900000, 0x0000000702900000|100%| O|  |TAMS 0x0000000702900000, 0x0000000702800000| Untracked 
|  19|0x0000000702900000, 0x0000000702a00000, 0x0000000702a00000|100%| O|  |TAMS 0x0000000702a00000, 0x0000000702900000| Untracked 
|  20|0x0000000702a00000, 0x0000000702b00000, 0x0000000702b00000|100%| O|  |TAMS 0x0000000702b00000, 0x0000000702a00000| Untracked 
|  21|0x0000000702b00000, 0x0000000702c00000, 0x0000000702c00000|100%| O|  |TAMS 0x0000000702c00000, 0x0000000702b00000| Untracked 
|  22|0x0000000702c00000, 0x0000000702d00000, 0x0000000702d00000|100%|HS|  |TAMS 0x0000000702d00000, 0x0000000702c00000| Complete 
|  23|0x0000000702d00000, 0x0000000702e00000, 0x0000000702e00000|100%|HC|  |TAMS 0x0000000702e00000, 0x0000000702d00000| Complete 
|  24|0x0000000702e00000, 0x0000000702f00000, 0x0000000702f00000|100%| O|  |TAMS 0x0000000702f00000, 0x0000000702e00000| Untracked 
|  25|0x0000000702f00000, 0x0000000703000000, 0x0000000703000000|100%| O|  |TAMS 0x0000000702f00000, 0x0000000702f00000| Untracked 
|  26|0x0000000703000000, 0x0000000703100000, 0x0000000703100000|100%| O|  |TAMS 0x0000000703000000, 0x0000000703000000| Untracked 
|  27|0x0000000703100000, 0x0000000703200000, 0x0000000703200000|100%| O|  |TAMS 0x0000000703200000, 0x0000000703100000| Untracked 
|  28|0x0000000703200000, 0x0000000703300000, 0x0000000703300000|100%| O|  |TAMS 0x0000000703300000, 0x0000000703200000| Untracked 
|  29|0x0000000703300000, 0x0000000703400000, 0x0000000703400000|100%|HS|  |TAMS 0x0000000703400000, 0x0000000703300000| Complete 
|  30|0x0000000703400000, 0x0000000703500000, 0x0000000703500000|100%| O|  |TAMS 0x000000070347a600, 0x0000000703400000| Untracked 
|  31|0x0000000703500000, 0x0000000703600000, 0x0000000703600000|100%| O|  |TAMS 0x0000000703500000, 0x0000000703500000| Untracked 
|  32|0x0000000703600000, 0x0000000703700000, 0x0000000703700000|100%| O|  |TAMS 0x0000000703600000, 0x0000000703600000| Untracked 
|  33|0x0000000703700000, 0x0000000703800000, 0x0000000703800000|100%| O|  |TAMS 0x0000000703700000, 0x0000000703700000| Untracked 
|  34|0x0000000703800000, 0x00000007038adc00, 0x0000000703900000| 67%| O|  |TAMS 0x0000000703800000, 0x0000000703800000| Untracked 
|  35|0x0000000703900000, 0x0000000703a00000, 0x0000000703a00000|100%| O|  |TAMS 0x0000000703900000, 0x0000000703900000| Untracked 
|  36|0x0000000703a00000, 0x0000000703b00000, 0x0000000703b00000|100%| O|  |TAMS 0x0000000703a00000, 0x0000000703a00000| Untracked 
|  37|0x0000000703b00000, 0x0000000703c00000, 0x0000000703c00000|100%| O|  |TAMS 0x0000000703b00000, 0x0000000703b00000| Untracked 
|  38|0x0000000703c00000, 0x0000000703d00000, 0x0000000703d00000|100%| O|  |TAMS 0x0000000703c00000, 0x0000000703c00000| Untracked 
|  39|0x0000000703d00000, 0x0000000703e00000, 0x0000000703e00000|100%| O|  |TAMS 0x0000000703d00000, 0x0000000703d00000| Untracked 
|  40|0x0000000703e00000, 0x0000000703f00000, 0x0000000703f00000|100%| O|  |TAMS 0x0000000703e00000, 0x0000000703e00000| Untracked 
|  41|0x0000000703f00000, 0x0000000703febef0, 0x0000000704000000| 92%| O|  |TAMS 0x0000000703f00000, 0x0000000703f00000| Untracked 
|  42|0x0000000704000000, 0x0000000704000000, 0x0000000704100000|  0%| F|  |TAMS 0x0000000704000000, 0x0000000704000000| Untracked 
|  43|0x0000000704100000, 0x0000000704100000, 0x0000000704200000|  0%| F|  |TAMS 0x0000000704100000, 0x0000000704100000| Untracked 
|  44|0x0000000704200000, 0x0000000704200000, 0x0000000704300000|  0%| F|  |TAMS 0x0000000704200000, 0x0000000704200000| Untracked 
|  45|0x0000000704300000, 0x00000007043d2750, 0x0000000704400000| 82%| E|CS|TAMS 0x0000000704300000, 0x0000000704300000| Complete 
|  46|0x0000000704400000, 0x0000000704500000, 0x0000000704500000|100%| E|CS|TAMS 0x0000000704400000, 0x0000000704400000| Complete 
|  47|0x0000000704500000, 0x0000000704600000, 0x0000000704600000|100%| E|CS|TAMS 0x0000000704500000, 0x0000000704500000| Complete 
|  48|0x0000000704600000, 0x0000000704700000, 0x0000000704700000|100%| E|CS|TAMS 0x0000000704600000, 0x0000000704600000| Complete 
|  49|0x0000000704700000, 0x0000000704800000, 0x0000000704800000|100%| E|CS|TAMS 0x0000000704700000, 0x0000000704700000| Complete 
|  50|0x0000000704800000, 0x0000000704900000, 0x0000000704900000|100%| E|CS|TAMS 0x0000000704800000, 0x0000000704800000| Complete 
|  51|0x0000000704900000, 0x0000000704a00000, 0x0000000704a00000|100%| E|CS|TAMS 0x0000000704900000, 0x0000000704900000| Complete 
|  52|0x0000000704a00000, 0x0000000704b00000, 0x0000000704b00000|100%| E|CS|TAMS 0x0000000704a00000, 0x0000000704a00000| Complete 
|  53|0x0000000704b00000, 0x0000000704c00000, 0x0000000704c00000|100%| E|CS|TAMS 0x0000000704b00000, 0x0000000704b00000| Complete 
|  54|0x0000000704c00000, 0x0000000704d00000, 0x0000000704d00000|100%| E|CS|TAMS 0x0000000704c00000, 0x0000000704c00000| Complete 
|  55|0x0000000704d00000, 0x0000000704d00000, 0x0000000704e00000|  0%| F|  |TAMS 0x0000000704d00000, 0x0000000704d00000| Untracked 
|  56|0x0000000704e00000, 0x0000000704e00000, 0x0000000704f00000|  0%| F|  |TAMS 0x0000000704e00000, 0x0000000704e00000| Untracked 
|  57|0x0000000704f00000, 0x0000000704f00000, 0x0000000705000000|  0%| F|  |TAMS 0x0000000704f00000, 0x0000000704f00000| Untracked 
|  58|0x0000000705000000, 0x0000000705000000, 0x0000000705100000|  0%| F|  |TAMS 0x0000000705000000, 0x0000000705000000| Untracked 
|  59|0x0000000705100000, 0x0000000705100000, 0x0000000705200000|  0%| F|  |TAMS 0x0000000705100000, 0x0000000705100000| Untracked 
|  60|0x0000000705200000, 0x0000000705200000, 0x0000000705300000|  0%| F|  |TAMS 0x0000000705200000, 0x0000000705200000| Untracked 
|  61|0x0000000705300000, 0x0000000705300000, 0x0000000705400000|  0%| F|  |TAMS 0x0000000705300000, 0x0000000705300000| Untracked 
|  62|0x0000000705400000, 0x0000000705400000, 0x0000000705500000|  0%| F|  |TAMS 0x0000000705400000, 0x0000000705400000| Untracked 
|  63|0x0000000705500000, 0x0000000705500000, 0x0000000705600000|  0%| F|  |TAMS 0x0000000705500000, 0x0000000705500000| Untracked 
|  64|0x0000000705600000, 0x0000000705600000, 0x0000000705700000|  0%| F|  |TAMS 0x0000000705600000, 0x0000000705600000| Untracked 
|  65|0x0000000705700000, 0x0000000705700000, 0x0000000705800000|  0%| F|  |TAMS 0x0000000705700000, 0x0000000705700000| Untracked 
|  66|0x0000000705800000, 0x0000000705800000, 0x0000000705900000|  0%| F|  |TAMS 0x0000000705800000, 0x0000000705800000| Untracked 
|  67|0x0000000705900000, 0x0000000705900000, 0x0000000705a00000|  0%| F|  |TAMS 0x0000000705900000, 0x0000000705900000| Untracked 
|  68|0x0000000705a00000, 0x0000000705a00000, 0x0000000705b00000|  0%| F|  |TAMS 0x0000000705a00000, 0x0000000705a00000| Untracked 
|  69|0x0000000705b00000, 0x0000000705b00000, 0x0000000705c00000|  0%| F|  |TAMS 0x0000000705b00000, 0x0000000705b00000| Untracked 
|  70|0x0000000705c00000, 0x0000000705cc8260, 0x0000000705d00000| 78%| S|  |TAMS 0x0000000705c00000, 0x0000000705c00000| Complete 
|  71|0x0000000705d00000, 0x0000000705e00000, 0x0000000705e00000|100%| S|  |TAMS 0x0000000705d00000, 0x0000000705d00000| Complete 
|  72|0x0000000705e00000, 0x0000000705f00000, 0x0000000705f00000|100%| S|  |TAMS 0x0000000705e00000, 0x0000000705e00000| Complete 
|  73|0x0000000705f00000, 0x0000000706000000, 0x0000000706000000|100%| E|CS|TAMS 0x0000000705f00000, 0x0000000705f00000| Complete 
|  74|0x0000000706000000, 0x0000000706100000, 0x0000000706100000|100%| E|CS|TAMS 0x0000000706000000, 0x0000000706000000| Complete 
|  75|0x0000000706100000, 0x0000000706200000, 0x0000000706200000|100%| E|CS|TAMS 0x0000000706100000, 0x0000000706100000| Complete 
|  76|0x0000000706200000, 0x0000000706300000, 0x0000000706300000|100%| E|CS|TAMS 0x0000000706200000, 0x0000000706200000| Complete 
|  77|0x0000000706300000, 0x0000000706400000, 0x0000000706400000|100%| E|CS|TAMS 0x0000000706300000, 0x0000000706300000| Complete 
|  78|0x0000000706400000, 0x0000000706500000, 0x0000000706500000|100%| E|CS|TAMS 0x0000000706400000, 0x0000000706400000| Complete 
|  79|0x0000000706500000, 0x0000000706600000, 0x0000000706600000|100%| E|CS|TAMS 0x0000000706500000, 0x0000000706500000| Complete 
|  80|0x0000000706600000, 0x0000000706700000, 0x0000000706700000|100%| E|CS|TAMS 0x0000000706600000, 0x0000000706600000| Complete 
|  81|0x0000000706700000, 0x0000000706800000, 0x0000000706800000|100%| E|CS|TAMS 0x0000000706700000, 0x0000000706700000| Complete 
|  82|0x0000000706800000, 0x0000000706900000, 0x0000000706900000|100%| E|CS|TAMS 0x0000000706800000, 0x0000000706800000| Complete 
|  83|0x0000000706900000, 0x0000000706a00000, 0x0000000706a00000|100%| E|CS|TAMS 0x0000000706900000, 0x0000000706900000| Complete 
|  84|0x0000000706a00000, 0x0000000706b00000, 0x0000000706b00000|100%| E|CS|TAMS 0x0000000706a00000, 0x0000000706a00000| Complete 
|  85|0x0000000706b00000, 0x0000000706c00000, 0x0000000706c00000|100%| E|CS|TAMS 0x0000000706b00000, 0x0000000706b00000| Complete 
|  86|0x0000000706c00000, 0x0000000706d00000, 0x0000000706d00000|100%| E|CS|TAMS 0x0000000706c00000, 0x0000000706c00000| Complete 
|  87|0x0000000706d00000, 0x0000000706e00000, 0x0000000706e00000|100%| E|CS|TAMS 0x0000000706d00000, 0x0000000706d00000| Complete 
|  88|0x0000000706e00000, 0x0000000706f00000, 0x0000000706f00000|100%| E|CS|TAMS 0x0000000706e00000, 0x0000000706e00000| Complete 
|  89|0x0000000706f00000, 0x0000000707000000, 0x0000000707000000|100%| E|CS|TAMS 0x0000000706f00000, 0x0000000706f00000| Complete 
|  90|0x0000000707000000, 0x0000000707100000, 0x0000000707100000|100%| E|CS|TAMS 0x0000000707000000, 0x0000000707000000| Complete 
|  91|0x0000000707100000, 0x0000000707200000, 0x0000000707200000|100%| E|CS|TAMS 0x0000000707100000, 0x0000000707100000| Complete 
|  92|0x0000000707200000, 0x0000000707300000, 0x0000000707300000|100%| E|CS|TAMS 0x0000000707200000, 0x0000000707200000| Complete 
|  93|0x0000000707300000, 0x0000000707400000, 0x0000000707400000|100%| E|CS|TAMS 0x0000000707300000, 0x0000000707300000| Complete 
|  94|0x0000000707400000, 0x0000000707500000, 0x0000000707500000|100%| E|CS|TAMS 0x0000000707400000, 0x0000000707400000| Complete 
|  95|0x0000000707500000, 0x0000000707600000, 0x0000000707600000|100%| E|CS|TAMS 0x0000000707500000, 0x0000000707500000| Complete 
|  96|0x0000000707600000, 0x0000000707700000, 0x0000000707700000|100%| E|CS|TAMS 0x0000000707600000, 0x0000000707600000| Complete 
|  97|0x0000000707700000, 0x0000000707800000, 0x0000000707800000|100%| E|CS|TAMS 0x0000000707700000, 0x0000000707700000| Complete 
|  98|0x0000000707800000, 0x0000000707900000, 0x0000000707900000|100%| E|CS|TAMS 0x0000000707800000, 0x0000000707800000| Complete 
|  99|0x0000000707900000, 0x0000000707a00000, 0x0000000707a00000|100%| E|CS|TAMS 0x0000000707900000, 0x0000000707900000| Complete 
| 100|0x0000000707a00000, 0x0000000707b00000, 0x0000000707b00000|100%| E|CS|TAMS 0x0000000707a00000, 0x0000000707a00000| Complete 
| 101|0x0000000707b00000, 0x0000000707c00000, 0x0000000707c00000|100%| E|CS|TAMS 0x0000000707b00000, 0x0000000707b00000| Complete 
| 102|0x0000000707c00000, 0x0000000707d00000, 0x0000000707d00000|100%| E|CS|TAMS 0x0000000707c00000, 0x0000000707c00000| Complete 
| 103|0x0000000707d00000, 0x0000000707e00000, 0x0000000707e00000|100%| E|CS|TAMS 0x0000000707d00000, 0x0000000707d00000| Complete 
| 104|0x0000000707e00000, 0x0000000707f00000, 0x0000000707f00000|100%| E|CS|TAMS 0x0000000707e00000, 0x0000000707e00000| Complete 
| 105|0x0000000707f00000, 0x0000000708000000, 0x0000000708000000|100%| E|CS|TAMS 0x0000000707f00000, 0x0000000707f00000| Complete 
| 106|0x0000000708000000, 0x0000000708100000, 0x0000000708100000|100%| E|CS|TAMS 0x0000000708000000, 0x0000000708000000| Complete 
| 107|0x0000000708100000, 0x0000000708200000, 0x0000000708200000|100%| E|CS|TAMS 0x0000000708100000, 0x0000000708100000| Complete 
| 108|0x0000000708200000, 0x0000000708300000, 0x0000000708300000|100%| E|CS|TAMS 0x0000000708200000, 0x0000000708200000| Complete 
| 109|0x0000000708300000, 0x0000000708400000, 0x0000000708400000|100%| E|CS|TAMS 0x0000000708300000, 0x0000000708300000| Complete 
| 110|0x0000000708400000, 0x0000000708500000, 0x0000000708500000|100%| E|CS|TAMS 0x0000000708400000, 0x0000000708400000| Complete 
| 111|0x0000000708500000, 0x0000000708600000, 0x0000000708600000|100%| E|CS|TAMS 0x0000000708500000, 0x0000000708500000| Complete 
| 112|0x0000000708600000, 0x0000000708700000, 0x0000000708700000|100%| E|CS|TAMS 0x0000000708600000, 0x0000000708600000| Complete 
| 113|0x0000000708700000, 0x0000000708800000, 0x0000000708800000|100%| E|CS|TAMS 0x0000000708700000, 0x0000000708700000| Complete 
| 114|0x0000000708800000, 0x0000000708900000, 0x0000000708900000|100%| E|CS|TAMS 0x0000000708800000, 0x0000000708800000| Complete 
| 115|0x0000000708900000, 0x0000000708a00000, 0x0000000708a00000|100%| E|CS|TAMS 0x0000000708900000, 0x0000000708900000| Complete 
| 116|0x0000000708a00000, 0x0000000708b00000, 0x0000000708b00000|100%| E|CS|TAMS 0x0000000708a00000, 0x0000000708a00000| Complete 
| 117|0x0000000708b00000, 0x0000000708c00000, 0x0000000708c00000|100%| E|CS|TAMS 0x0000000708b00000, 0x0000000708b00000| Complete 
| 118|0x0000000708c00000, 0x0000000708d00000, 0x0000000708d00000|100%| E|CS|TAMS 0x0000000708c00000, 0x0000000708c00000| Complete 
| 119|0x0000000708d00000, 0x0000000708e00000, 0x0000000708e00000|100%| E|CS|TAMS 0x0000000708d00000, 0x0000000708d00000| Complete 
| 120|0x0000000708e00000, 0x0000000708f00000, 0x0000000708f00000|100%| E|CS|TAMS 0x0000000708e00000, 0x0000000708e00000| Complete 
| 121|0x0000000708f00000, 0x0000000709000000, 0x0000000709000000|100%| E|CS|TAMS 0x0000000708f00000, 0x0000000708f00000| Complete 
| 122|0x0000000709000000, 0x0000000709100000, 0x0000000709100000|100%| E|CS|TAMS 0x0000000709000000, 0x0000000709000000| Complete 
| 123|0x0000000709100000, 0x0000000709200000, 0x0000000709200000|100%| E|CS|TAMS 0x0000000709100000, 0x0000000709100000| Complete 
| 124|0x0000000709200000, 0x0000000709300000, 0x0000000709300000|100%| E|CS|TAMS 0x0000000709200000, 0x0000000709200000| Complete 
| 125|0x0000000709300000, 0x0000000709400000, 0x0000000709400000|100%| E|CS|TAMS 0x0000000709300000, 0x0000000709300000| Complete 
| 126|0x0000000709400000, 0x0000000709500000, 0x0000000709500000|100%| E|CS|TAMS 0x0000000709400000, 0x0000000709400000| Complete 
| 127|0x0000000709500000, 0x0000000709600000, 0x0000000709600000|100%| E|CS|TAMS 0x0000000709500000, 0x0000000709500000| Complete 
| 128|0x0000000709600000, 0x0000000709700000, 0x0000000709700000|100%| E|CS|TAMS 0x0000000709600000, 0x0000000709600000| Complete 
| 138|0x000000070a000000, 0x000000070a100000, 0x000000070a100000|100%| E|CS|TAMS 0x000000070a000000, 0x000000070a000000| Complete 
| 139|0x000000070a100000, 0x000000070a200000, 0x000000070a200000|100%| E|CS|TAMS 0x000000070a100000, 0x000000070a100000| Complete 
| 140|0x000000070a200000, 0x000000070a300000, 0x000000070a300000|100%| E|CS|TAMS 0x000000070a200000, 0x000000070a200000| Complete 
| 141|0x000000070a300000, 0x000000070a400000, 0x000000070a400000|100%| E|CS|TAMS 0x000000070a300000, 0x000000070a300000| Complete 
| 201|0x000000070df00000, 0x000000070e000000, 0x000000070e000000|100%| E|CS|TAMS 0x000000070df00000, 0x000000070df00000| Complete 
| 202|0x000000070e000000, 0x000000070e100000, 0x000000070e100000|100%| E|CS|TAMS 0x000000070e000000, 0x000000070e000000| Complete 
| 254|0x0000000711400000, 0x0000000711500000, 0x0000000711500000|100%| E|CS|TAMS 0x0000000711400000, 0x0000000711400000| Complete 
| 255|0x0000000711500000, 0x0000000711600000, 0x0000000711600000|100%| E|CS|TAMS 0x0000000711500000, 0x0000000711500000| Complete 

Card table byte_map: [0x000001ef55d40000,0x000001ef56540000] _byte_map_base: 0x000001ef52535000

Marking Bits (Prev, Next): (CMBitMap*) 0x000001ef3aeddb28, (CMBitMap*) 0x000001ef3aeddae8
 Prev Bits: [0x000001ef5acf0000, 0x000001ef5ec98000)
 Next Bits: [0x000001ef56d40000, 0x000001ef5ace8000)

Polling page: 0x000001ef3d190000

Metaspace:

Usage:
  Non-class:     63.06 MB capacity,    61.82 MB ( 98%) used,  1012.80 KB (  2%) free+waste,   251.25 KB ( <1%) overhead. 
      Class:     10.31 MB capacity,     9.53 MB ( 92%) used,   672.73 KB (  6%) free+waste,   119.31 KB (  1%) overhead. 
       Both:     73.37 MB capacity,    71.36 MB ( 97%) used,     1.65 MB (  2%) free+waste,   370.56 KB ( <1%) overhead. 

Virtual space:
  Non-class space:       64.00 MB reserved,      63.26 MB ( 99%) committed 
      Class space:        1.00 GB reserved,      10.38 MB (  1%) committed 
             Both:        1.06 GB reserved,      73.63 MB (  7%) committed 

Chunk freelists:
   Non-Class:  12.00 KB
       Class:  6.00 KB
        Both:  18.00 KB

MaxMetaspaceSize: 17179869184.00 GB
CompressedClassSpaceSize: 1.00 GB

CodeHeap 'non-profiled nmethods': size=120000Kb used=4312Kb max_used=5378Kb free=115687Kb
 bounds [0x000001ef4df00000, 0x000001ef4e450000, 0x000001ef55430000]
CodeHeap 'profiled nmethods': size=120000Kb used=13521Kb max_used=14713Kb free=106478Kb
 bounds [0x000001ef469d0000, 0x000001ef47830000, 0x000001ef4df00000]
CodeHeap 'non-nmethods': size=5760Kb used=1345Kb max_used=1414Kb free=4414Kb
 bounds [0x000001ef46430000, 0x000001ef466a0000, 0x000001ef469d0000]
 total_blobs=7063 nmethods=6422 adapters=553
 compilation: enabled
              stopped_count=0, restarted_count=0
 full_count=0

Compilation events (20 events):
Event: 3529.618 Thread 0x000001ef65662800 nmethod 7725 0x000001ef4e16bb90 code [0x000001ef4e16bd20, 0x000001ef4e16be18]
Event: 3529.627 Thread 0x000001ef61a2d800 nmethod 7722 0x000001ef4e103f90 code [0x000001ef4e104240, 0x000001ef4e104b78]
Event: 3534.277 Thread 0x000001ef61a30000 7755  s    3       java.lang.StringBuffer::append (15 bytes)
Event: 3534.278 Thread 0x000001ef61a30000 nmethod 7755 0x000001ef46da7c90 code [0x000001ef46da7e40, 0x000001ef46da8168]
Event: 3534.278 Thread 0x000001ef61a30000 7756       3       java.lang.Throwable$WrappedPrintWriter::println (9 bytes)
Event: 3534.279 Thread 0x000001ef61a30000 nmethod 7756 0x000001ef46d30b90 code [0x000001ef46d30dc0, 0x000001ef46d31758]
Event: 3534.279 Thread 0x000001ef61a30000 7757   !   3       java.io.PrintWriter::println (34 bytes)
Event: 3534.280 Thread 0x000001ef61a2d800 7762       4       java.text.DontCareFieldPosition$1::formatted (1 bytes)
Event: 3534.280 Thread 0x000001ef61a30000 nmethod 7757 0x000001ef46b2cf10 code [0x000001ef46b2d140, 0x000001ef46b2da38]
Event: 3534.280 Thread 0x000001ef61a30000 7758       3       java.io.PrintWriter::print (9 bytes)
Event: 3534.280 Thread 0x000001ef61a2d800 nmethod 7762 0x000001ef4e00d990 code [0x000001ef4e00db00, 0x000001ef4e00db78]
Event: 3534.280 Thread 0x000001ef61a30000 nmethod 7758 0x000001ef46a04190 code [0x000001ef46a04360, 0x000001ef46a04748]
Event: 3534.280 Thread 0x000001ef61a30000 7759       3       java.io.PrintWriter::write (11 bytes)
Event: 3534.280 Thread 0x000001ef61a30000 nmethod 7759 0x000001ef46dcb890 code [0x000001ef46dcba40, 0x000001ef46dcbca8]
Event: 3534.281 Thread 0x000001ef61a30000 7760   !   3       java.io.PrintWriter::write (58 bytes)
Event: 3534.281 Thread 0x000001ef61a30000 nmethod 7760 0x000001ef46ae6e90 code [0x000001ef46ae7080, 0x000001ef46ae7768]
Event: 3534.281 Thread 0x000001ef61a30000 7761       3       java.io.StringWriter::write (14 bytes)
Event: 3534.281 Thread 0x000001ef61a30000 nmethod 7761 0x000001ef46f74310 code [0x000001ef46f744c0, 0x000001ef46f74888]
Event: 3534.282 Thread 0x000001ef61a30000 7763       3       java.util.concurrent.FutureTask::finishCompletion (71 bytes)
Event: 3534.283 Thread 0x000001ef61a30000 nmethod 7763 0x000001ef46e1e790 code [0x000001ef46e1ea20, 0x000001ef46e1f8a8]

GC Heap History (20 events):
Event: 13.528 GC heap after
{Heap after GC invocations=19 (full 0):
 garbage-first heap   total 55296K, used 22497K [0x0000000701600000, 0x0000000800000000)
  region size 1024K, 2 young (2048K), 2 survivors (2048K)
 Metaspace       used 35648K, capacity 36798K, committed 37072K, reserved 1081344K
  class space    used 4746K, capacity 5175K, committed 5248K, reserved 1048576K
}
Event: 13.757 GC heap before
{Heap before GC invocations=19 (full 0):
 garbage-first heap   total 55296K, used 45025K [0x0000000701600000, 0x0000000800000000)
  region size 1024K, 23 young (23552K), 2 survivors (2048K)
 Metaspace       used 37104K, capacity 38276K, committed 38480K, reserved 1083392K
  class space    used 4891K, capacity 5305K, committed 5376K, reserved 1048576K
}
Event: 13.761 GC heap after
{Heap after GC invocations=20 (full 0):
 garbage-first heap   total 55296K, used 24283K [0x0000000701600000, 0x0000000800000000)
  region size 1024K, 2 young (2048K), 2 survivors (2048K)
 Metaspace       used 37104K, capacity 38276K, committed 38480K, reserved 1083392K
  class space    used 4891K, capacity 5305K, committed 5376K, reserved 1048576K
}
Event: 13.789 GC heap before
{Heap before GC invocations=20 (full 0):
 garbage-first heap   total 55296K, used 30427K [0x0000000701600000, 0x0000000800000000)
  region size 1024K, 9 young (9216K), 2 survivors (2048K)
 Metaspace       used 37104K, capacity 38276K, committed 38480K, reserved 1083392K
  class space    used 4891K, capacity 5305K, committed 5376K, reserved 1048576K
}
Event: 13.794 GC heap after
{Heap after GC invocations=21 (full 0):
 garbage-first heap   total 55296K, used 26482K [0x0000000701600000, 0x0000000800000000)
  region size 1024K, 3 young (3072K), 3 survivors (3072K)
 Metaspace       used 37104K, capacity 38276K, committed 38480K, reserved 1083392K
  class space    used 4891K, capacity 5305K, committed 5376K, reserved 1048576K
}
Event: 13.929 GC heap before
{Heap before GC invocations=22 (full 0):
 garbage-first heap   total 60416K, used 34674K [0x0000000701600000, 0x0000000800000000)
  region size 1024K, 9 young (9216K), 3 survivors (3072K)
 Metaspace       used 37112K, capacity 38276K, committed 38480K, reserved 1083392K
  class space    used 4891K, capacity 5305K, committed 5376K, reserved 1048576K
}
Event: 13.935 GC heap after
{Heap after GC invocations=23 (full 0):
 garbage-first heap   total 60416K, used 30649K [0x0000000701600000, 0x0000000800000000)
  region size 1024K, 3 young (3072K), 3 survivors (3072K)
 Metaspace       used 37112K, capacity 38276K, committed 38480K, reserved 1083392K
  class space    used 4891K, capacity 5305K, committed 5376K, reserved 1048576K
}
Event: 14.213 GC heap before
{Heap before GC invocations=24 (full 0):
 garbage-first heap   total 61440K, used 44985K [0x0000000701600000, 0x0000000800000000)
  region size 1024K, 16 young (16384K), 3 survivors (3072K)
 Metaspace       used 37611K, capacity 38719K, committed 38992K, reserved 1083392K
  class space    used 4940K, capacity 5345K, committed 5376K, reserved 1048576K
}
Event: 14.220 GC heap after
{Heap after GC invocations=25 (full 0):
 garbage-first heap   total 161792K, used 29279K [0x0000000701600000, 0x0000000800000000)
  region size 1024K, 1 young (1024K), 1 survivors (1024K)
 Metaspace       used 37611K, capacity 38719K, committed 38992K, reserved 1083392K
  class space    used 4940K, capacity 5345K, committed 5376K, reserved 1048576K
}
Event: 15.100 GC heap before
{Heap before GC invocations=25 (full 0):
 garbage-first heap   total 161792K, used 110175K [0x0000000701600000, 0x0000000800000000)
  region size 1024K, 76 young (77824K), 1 survivors (1024K)
 Metaspace       used 39783K, capacity 41124K, committed 41168K, reserved 1085440K
  class space    used 5229K, capacity 5728K, committed 5760K, reserved 1048576K
}
Event: 15.103 GC heap after
{Heap after GC invocations=26 (full 0):
 garbage-first heap   total 161792K, used 29898K [0x0000000701600000, 0x0000000800000000)
  region size 1024K, 2 young (2048K), 2 survivors (2048K)
 Metaspace       used 39783K, capacity 41124K, committed 41168K, reserved 1085440K
  class space    used 5229K, capacity 5728K, committed 5760K, reserved 1048576K
}
Event: 20.903 GC heap before
{Heap before GC invocations=26 (full 0):
 garbage-first heap   total 161792K, used 113866K [0x0000000701600000, 0x0000000800000000)
  region size 1024K, 82 young (83968K), 2 survivors (2048K)
 Metaspace       used 50582K, capacity 52002K, committed 52176K, reserved 1093632K
  class space    used 6715K, capacity 7244K, committed 7296K, reserved 1048576K
}
Event: 20.911 GC heap after
{Heap after GC invocations=27 (full 0):
 garbage-first heap   total 161792K, used 35674K [0x0000000701600000, 0x0000000800000000)
  region size 1024K, 5 young (5120K), 5 survivors (5120K)
 Metaspace       used 50582K, capacity 52002K, committed 52176K, reserved 1093632K
  class space    used 6715K, capacity 7244K, committed 7296K, reserved 1048576K
}
Event: 22.508 GC heap before
{Heap before GC invocations=27 (full 0):
 garbage-first heap   total 161792K, used 117594K [0x0000000701600000, 0x0000000800000000)
  region size 1024K, 85 young (87040K), 5 survivors (5120K)
 Metaspace       used 60911K, capacity 62407K, committed 62672K, reserved 1103872K
  class space    used 8206K, capacity 8819K, committed 8832K, reserved 1048576K
}
Event: 22.519 GC heap after
{Heap after GC invocations=28 (full 0):
 garbage-first heap   total 161792K, used 38021K [0x0000000701600000, 0x0000000800000000)
  region size 1024K, 7 young (7168K), 7 survivors (7168K)
 Metaspace       used 60911K, capacity 62407K, committed 62672K, reserved 1103872K
  class space    used 8206K, capacity 8819K, committed 8832K, reserved 1048576K
}
Event: 22.828 GC heap before
{Heap before GC invocations=28 (full 0):
 garbage-first heap   total 161792K, used 53381K [0x0000000701600000, 0x0000000800000000)
  region size 1024K, 23 young (23552K), 7 survivors (7168K)
 Metaspace       used 62384K, capacity 64028K, committed 64136K, reserved 1103872K
  class space    used 8411K, capacity 9057K, committed 9088K, reserved 1048576K
}
Event: 22.839 GC heap after
{Heap after GC invocations=29 (full 0):
 garbage-first heap   total 161792K, used 38707K [0x0000000701600000, 0x0000000800000000)
  region size 1024K, 4 young (4096K), 4 survivors (4096K)
 Metaspace       used 62384K, capacity 64028K, committed 64136K, reserved 1103872K
  class space    used 8411K, capacity 9057K, committed 9088K, reserved 1048576K
}
Event: 27.538 GC heap before
{Heap before GC invocations=30 (full 0):
 garbage-first heap   total 140288K, used 116531K [0x0000000701600000, 0x0000000800000000)
  region size 1024K, 82 young (83968K), 4 survivors (4096K)
 Metaspace       used 69405K, capacity 71303K, committed 71432K, reserved 1110016K
  class space    used 9372K, capacity 10124K, committed 10240K, reserved 1048576K
}
Event: 27.558 GC heap after
{Heap after GC invocations=31 (full 0):
 garbage-first heap   total 140288K, used 43164K [0x0000000701600000, 0x0000000800000000)
  region size 1024K, 10 young (10240K), 10 survivors (10240K)
 Metaspace       used 69405K, capacity 71303K, committed 71432K, reserved 1110016K
  class space    used 9372K, capacity 10124K, committed 10240K, reserved 1048576K
}
Event: 3546.686 GC heap before
{Heap before GC invocations=31 (full 0):
 garbage-first heap   total 140288K, used 108700K [0x0000000701600000, 0x0000000800000000)
  region size 1024K, 74 young (75776K), 10 survivors (10240K)
 Metaspace       used 73069K, capacity 75126K, committed 75400K, reserved 1114112K
  class space    used 9761K, capacity 10554K, committed 10624K, reserved 1048576K
}

Deoptimization events (20 events):
Event: 3275.746 Thread 0x000001ef64cb0000 Uncommon trap: trap_request=0xffffff45 fr.pc=0x000001ef4e41ec48 relative=0x00000000000000e8
Event: 3275.746 Thread 0x000001ef64cb0000 Uncommon trap: reason=unstable_if action=reinterpret pc=0x000001ef4e41ec48 method=java.util.concurrent.TimeUnit.convert(JLjava/util/concurrent/TimeUnit;)J @ 8 c2
Event: 3275.746 Thread 0x000001ef64cb0000 DEOPT PACKING pc=0x000001ef4e41ec48 sp=0x0000002fd94ff170
Event: 3275.746 Thread 0x000001ef64cb0000 DEOPT UNPACKING pc=0x000001ef4647912f sp=0x0000002fd94ff120 mode 2
Event: 3275.746 Thread 0x000001ef64cb0000 Uncommon trap: trap_request=0xffffff45 fr.pc=0x000001ef4df2d108 relative=0x00000000000001c8
Event: 3275.746 Thread 0x000001ef64cb0000 Uncommon trap: reason=unstable_if action=reinterpret pc=0x000001ef4df2d108 method=java.lang.StringCoding.encodeUTF8(B[BZ)[B @ 18 c2
Event: 3275.746 Thread 0x000001ef64cb0000 DEOPT PACKING pc=0x000001ef4df2d108 sp=0x0000002fd94feba0
Event: 3275.746 Thread 0x000001ef64cb0000 DEOPT UNPACKING pc=0x000001ef4647912f sp=0x0000002fd94feb38 mode 2
Event: 3494.543 Thread 0x000001ef67b57000 DEOPT PACKING pc=0x000001ef475b2f3f sp=0x0000002fd99fd6e0
Event: 3494.544 Thread 0x000001ef67b57000 DEOPT UNPACKING pc=0x000001ef4647964e sp=0x0000002fd99fcc68 mode 0
Event: 3529.536 Thread 0x000001ef67b54800 Uncommon trap: trap_request=0xffffff45 fr.pc=0x000001ef4df63dc8 relative=0x0000000000000628
Event: 3529.536 Thread 0x000001ef67b54800 Uncommon trap: reason=unstable_if action=reinterpret pc=0x000001ef4df63dc8 method=java.lang.ThreadLocal$ThreadLocalMap.getEntry(Ljava/lang/ThreadLocal;)Ljava/lang/ThreadLocal$ThreadLocalMap$Entry; @ 29 c2
Event: 3529.536 Thread 0x000001ef67b54800 DEOPT PACKING pc=0x000001ef4df63dc8 sp=0x0000002fdaafd160
Event: 3529.536 Thread 0x000001ef67b54800 DEOPT UNPACKING pc=0x000001ef4647912f sp=0x0000002fdaafd040 mode 2
Event: 3529.568 Thread 0x000001ef67b57000 DEOPT PACKING pc=0x000001ef46a3e195 sp=0x0000002fd99fe2a0
Event: 3529.569 Thread 0x000001ef67b57000 DEOPT UNPACKING pc=0x000001ef4647964e sp=0x0000002fd99fd790 mode 0
Event: 3534.251 Thread 0x000001ef67b57000 Uncommon trap: trap_request=0xffffff45 fr.pc=0x000001ef4e400234 relative=0x00000000000005f4
Event: 3534.251 Thread 0x000001ef67b57000 Uncommon trap: reason=unstable_if action=reinterpret pc=0x000001ef4e400234 method=io.micrometer.core.instrument.binder.logging.MetricsTurboFilter.decide(Lorg/slf4j/Marker;Lch/qos/logback/classic/Logger;Lch/qos/logback/classic/Level;Ljava/lang/String;[Ljav
Event: 3534.251 Thread 0x000001ef67b57000 DEOPT PACKING pc=0x000001ef4e400234 sp=0x0000002fd99fea70
Event: 3534.251 Thread 0x000001ef67b57000 DEOPT UNPACKING pc=0x000001ef4647912f sp=0x0000002fd99fea30 mode 2

Classes unloaded (0 events):
No events

Classes redefined (0 events):
No events

Internal exceptions (20 events):
Event: 27.355 Thread 0x000001ef62bd5800 Exception <a 'sun/nio/fs/WindowsException'{0x00000007053ccc10}> (0x00000007053ccc10) 
thrown [./src/hotspot/share/prims/jni.cpp, line 599]
Event: 3524.696 Thread 0x000001ef67b57000 Exception <a 'sun/net/ConnectionResetException'{0x000000070636b7c0}: Connection reset> (0x000000070636b7c0) 
thrown [./src/hotspot/share/prims/jni.cpp, line 620]
Event: 3524.698 Thread 0x000001ef67b54800 Exception <a 'sun/net/ConnectionResetException'{0x00000007065e9300}: Connection reset> (0x00000007065e9300) 
thrown [./src/hotspot/share/prims/jni.cpp, line 620]
Event: 3527.151 Thread 0x000001ef67b54800 Exception <a 'java/net/ConnectException'{0x000000070625fc38}: Connection refused: connect> (0x000000070625fc38) 
thrown [./src/hotspot/share/prims/jni.cpp, line 620]
Event: 3527.151 Thread 0x000001ef67b54800 Exception <a 'java/net/SocketException'{0x0000000706260218}: Socket is not connected: shutdown> (0x0000000706260218) 
thrown [./src/hotspot/share/prims/jni.cpp, line 620]
Event: 3527.165 Thread 0x000001ef67b57000 Exception <a 'java/net/ConnectException'{0x00000007063733a0}: Connection refused: connect> (0x00000007063733a0) 
thrown [./src/hotspot/share/prims/jni.cpp, line 620]
Event: 3527.165 Thread 0x000001ef67b57000 Exception <a 'java/net/SocketException'{0x0000000706373980}: Socket is not connected: shutdown> (0x0000000706373980) 
thrown [./src/hotspot/share/prims/jni.cpp, line 620]
Event: 3529.534 Thread 0x000001ef67b54800 Exception <a 'java/net/ConnectException'{0x0000000706260d30}: Connection refused: connect> (0x0000000706260d30) 
thrown [./src/hotspot/share/prims/jni.cpp, line 620]
Event: 3529.534 Thread 0x000001ef67b54800 Exception <a 'java/net/SocketException'{0x0000000706261310}: Socket is not connected: shutdown> (0x0000000706261310) 
thrown [./src/hotspot/share/prims/jni.cpp, line 620]
Event: 3529.564 Thread 0x000001ef67b57000 Exception <a 'java/net/ConnectException'{0x0000000706374498}: Connection refused: connect> (0x0000000706374498) 
thrown [./src/hotspot/share/prims/jni.cpp, line 620]
Event: 3529.564 Thread 0x000001ef67b57000 Exception <a 'java/net/SocketException'{0x0000000706374a78}: Socket is not connected: shutdown> (0x0000000706374a78) 
thrown [./src/hotspot/share/prims/jni.cpp, line 620]
Event: 3531.848 Thread 0x000001ef67b57000 Exception <a 'java/net/ConnectException'{0x0000000705f14300}: Connection refused: connect> (0x0000000705f14300) 
thrown [./src/hotspot/share/prims/jni.cpp, line 620]
Event: 3531.848 Thread 0x000001ef67b57000 Exception <a 'java/net/SocketException'{0x0000000705f148e0}: Socket is not connected: shutdown> (0x0000000705f148e0) 
thrown [./src/hotspot/share/prims/jni.cpp, line 620]
Event: 3531.972 Thread 0x000001ef67b54800 Exception <a 'java/net/ConnectException'{0x00000007060651a0}: Connection refused: connect> (0x00000007060651a0) 
thrown [./src/hotspot/share/prims/jni.cpp, line 620]
Event: 3531.972 Thread 0x000001ef67b54800 Exception <a 'java/net/SocketException'{0x0000000706065780}: Socket is not connected: shutdown> (0x0000000706065780) 
thrown [./src/hotspot/share/prims/jni.cpp, line 620]
Event: 3534.250 Thread 0x000001ef67b57000 Exception <a 'java/net/ConnectException'{0x0000000705f153f8}: Connection refused: connect> (0x0000000705f153f8) 
thrown [./src/hotspot/share/prims/jni.cpp, line 620]
Event: 3534.250 Thread 0x000001ef67b57000 Exception <a 'java/net/SocketException'{0x0000000705f159d8}: Socket is not connected: shutdown> (0x0000000705f159d8) 
thrown [./src/hotspot/share/prims/jni.cpp, line 620]
Event: 3534.256 Thread 0x000001ef67b57000 Exception <a 'java/lang/NoClassDefFoundError'{0x0000000705f6b058}: sun/reflect/Reflection> (0x0000000705f6b058) 
thrown [./src/hotspot/share/classfile/systemDictionary.cpp, line 215]
Event: 3534.276 Thread 0x000001ef67b54800 Exception <a 'java/net/ConnectException'{0x0000000706066298}: Connection refused: connect> (0x0000000706066298) 
thrown [./src/hotspot/share/prims/jni.cpp, line 620]
Event: 3534.277 Thread 0x000001ef67b54800 Exception <a 'java/net/SocketException'{0x0000000706066878}: Socket is not connected: shutdown> (0x0000000706066878) 
thrown [./src/hotspot/share/prims/jni.cpp, line 620]

Events (20 events):
Event: 3275.766 Executing VM operation: HandshakeOneThread done
Event: 3275.766 Executing VM operation: HandshakeOneThread
Event: 3275.766 Executing VM operation: HandshakeOneThread done
Event: 3275.767 Executing VM operation: HandshakeOneThread
Event: 3275.767 Executing VM operation: HandshakeOneThread done
Event: 3275.783 Executing VM operation: HandshakeOneThread
Event: 3275.783 Executing VM operation: HandshakeOneThread done
Event: 3280.769 Executing VM operation: HandshakeOneThread
Event: 3280.769 Executing VM operation: HandshakeOneThread done
Event: 3280.769 Thread 0x000001ef673e3800 Thread exited: 0x000001ef673e3800
Event: 3280.784 Executing VM operation: HandshakeOneThread
Event: 3280.784 Executing VM operation: HandshakeOneThread done
Event: 3280.784 Thread 0x000001ef673e4800 Thread exited: 0x000001ef673e4800
Event: 3524.696 loading class sun/net/ConnectionResetException
Event: 3524.696 loading class sun/net/ConnectionResetException done
Event: 3529.578 Thread 0x000001ef65662800 Thread added: 0x000001ef65662800
Event: 3534.256 loading class sun/reflect/Reflection
Event: 3534.256 loading class sun/reflect/Reflection done
Event: 3534.277 Thread 0x000001ef65662800 Thread exited: 0x000001ef65662800
Event: 3546.686 Executing VM operation: G1CollectForAllocation


Dynamic libraries:
0x00007ff70a700000 - 0x00007ff70a70d000 	C:\Users\nisum\.jdks\adopt-openjdk-14.0.2\bin\java.exe
0x00007ffe6f2b0000 - 0x00007ffe6f4a5000 	C:\Windows\SYSTEM32\ntdll.dll
0x00007ffe6f1b0000 - 0x00007ffe6f26d000 	C:\Windows\System32\KERNEL32.DLL
0x00007ffe6cfc0000 - 0x00007ffe6d289000 	C:\Windows\System32\KERNELBASE.dll
0x00007ffe6cec0000 - 0x00007ffe6cfc0000 	C:\Windows\System32\ucrtbase.dll
0x00007ffe65ef0000 - 0x00007ffe65f08000 	C:\Users\nisum\.jdks\adopt-openjdk-14.0.2\bin\jli.dll
0x00007ffe5a100000 - 0x00007ffe5a115000 	C:\Users\nisum\.jdks\adopt-openjdk-14.0.2\bin\VCRUNTIME140.dll
0x00007ffe6efb0000 - 0x00007ffe6f150000 	C:\Windows\System32\USER32.dll
0x00007ffe6cc90000 - 0x00007ffe6ccb2000 	C:\Windows\System32\win32u.dll
0x00007ffe6e2b0000 - 0x00007ffe6e2da000 	C:\Windows\System32\GDI32.dll
0x00007ffe6c9f0000 - 0x00007ffe6cafb000 	C:\Windows\System32\gdi32full.dll
0x00007ffe6ce20000 - 0x00007ffe6cebd000 	C:\Windows\System32\msvcp_win.dll
0x00007ffe6b3a0000 - 0x00007ffe6b63a000 	C:\Windows\WinSxS\amd64_microsoft.windows.common-controls_6595b64144ccf1df_6.0.19041.1083_none_60bbe31371f34e71\COMCTL32.dll
0x00007ffe6d860000 - 0x00007ffe6d8fe000 	C:\Windows\System32\msvcrt.dll
0x00007ffe6ec20000 - 0x00007ffe6ec50000 	C:\Windows\System32\IMM32.DLL
0x00007ffe6bc50000 - 0x00007ffe6be52000 	C:\Windows\system32\tmumh\20019\AddOn\8.53.0.1108\TmUmEvt64.dll
0x00007ffe6e2e0000 - 0x00007ffe6e2e8000 	C:\Windows\System32\PSAPI.DLL
0x00007ffe6d540000 - 0x00007ffe6d5ec000 	C:\Windows\System32\ADVAPI32.dll
0x00007ffe6e710000 - 0x00007ffe6e7ab000 	C:\Windows\System32\sechost.dll
0x00007ffe6e0f0000 - 0x00007ffe6e21a000 	C:\Windows\System32\RPCRT4.dll
0x000000006fce0000 - 0x000000006fe4f000 	C:\Windows\system32\tmumh\20019\TmMon\2.8.0.1051\tmmon64.dll
0x00007ffe39770000 - 0x00007ffe3980b000 	C:\Users\nisum\.jdks\adopt-openjdk-14.0.2\bin\msvcp140.dll
0x00007ffe0eb20000 - 0x00007ffe0f6b4000 	C:\Users\nisum\.jdks\adopt-openjdk-14.0.2\bin\server\jvm.dll
0x00007ffe59d60000 - 0x00007ffe59d69000 	C:\Windows\SYSTEM32\WSOCK32.dll
0x00007ffe6e350000 - 0x00007ffe6e3bb000 	C:\Windows\System32\WS2_32.dll
0x00007ffe5f580000 - 0x00007ffe5f5a7000 	C:\Windows\SYSTEM32\WINMM.dll
0x00007ffe63840000 - 0x00007ffe6384a000 	C:\Windows\SYSTEM32\VERSION.dll
0x000001ef3ce40000 - 0x000001ef3ce43000 	C:\Windows\system32\Sfc.dll
0x00007ffe59e40000 - 0x00007ffe59e52000 	C:\Windows\SYSTEM32\sfc_os.DLL
0x00007ffe6e7b0000 - 0x00007ffe6ec19000 	C:\Windows\System32\SETUPAPI.dll
0x00007ffe6cc10000 - 0x00007ffe6cc5e000 	C:\Windows\System32\cfgmgr32.dll
0x00007ffe6cc60000 - 0x00007ffe6cc87000 	C:\Windows\System32\bcrypt.dll
0x00007ffe69960000 - 0x00007ffe69972000 	C:\Windows\SYSTEM32\kernel.appcore.dll
0x00007ffe66920000 - 0x00007ffe6692a000 	C:\Users\nisum\.jdks\adopt-openjdk-14.0.2\bin\jimage.dll
0x00007ffe6c420000 - 0x00007ffe6c604000 	C:\Windows\SYSTEM32\DBGHELP.DLL
0x00007ffe6bfd0000 - 0x00007ffe6bffc000 	C:\Windows\SYSTEM32\dbgcore.DLL
0x00007ffe6d290000 - 0x00007ffe6d313000 	C:\Windows\System32\bcryptPrimitives.dll
0x00007ffe661b0000 - 0x00007ffe661be000 	C:\Users\nisum\.jdks\adopt-openjdk-14.0.2\bin\instrument.dll
0x00007ffe44db0000 - 0x00007ffe44dd5000 	C:\Users\nisum\.jdks\adopt-openjdk-14.0.2\bin\java.dll
0x00007ffe4e7a0000 - 0x00007ffe4e7b6000 	C:\Users\nisum\.jdks\adopt-openjdk-14.0.2\bin\zip.dll
0x00007ffe6d9b0000 - 0x00007ffe6e0ef000 	C:\Windows\System32\SHELL32.dll
0x00007ffe6a2b0000 - 0x00007ffe6aa41000 	C:\Windows\SYSTEM32\windows.storage.dll
0x00007ffe6ec50000 - 0x00007ffe6efa5000 	C:\Windows\System32\combase.dll
0x00007ffe6c0e0000 - 0x00007ffe6c10c000 	C:\Windows\SYSTEM32\Wldp.dll
0x00007ffe6d900000 - 0x00007ffe6d9ae000 	C:\Windows\System32\SHCORE.dll
0x00007ffe6e4f0000 - 0x00007ffe6e545000 	C:\Windows\System32\shlwapi.dll
0x00007ffe6c930000 - 0x00007ffe6c94f000 	C:\Windows\SYSTEM32\profapi.dll
0x00007ffe39ed0000 - 0x00007ffe39ee9000 	C:\Users\nisum\.jdks\adopt-openjdk-14.0.2\bin\net.dll
0x00007ffe5e910000 - 0x00007ffe5ea1a000 	C:\Windows\SYSTEM32\WINHTTP.dll
0x00007ffe6bb80000 - 0x00007ffe6bbea000 	C:\Windows\system32\mswsock.dll
0x00007ffe39eb0000 - 0x00007ffe39ec2000 	C:\Users\nisum\.jdks\adopt-openjdk-14.0.2\bin\nio.dll
0x00007ffe39d70000 - 0x00007ffe39d8a000 	C:\Users\nisum\AppData\Local\JetBrains\IntelliJ IDEA Community Edition 2021.1.1\bin\breakgen64.dll
0x00007ffe66070000 - 0x00007ffe66080000 	C:\Users\nisum\.jdks\adopt-openjdk-14.0.2\bin\verify.dll
0x00007ffe66050000 - 0x00007ffe66059000 	C:\Users\nisum\.jdks\adopt-openjdk-14.0.2\bin\management.dll
0x00007ffe66020000 - 0x00007ffe6602b000 	C:\Users\nisum\.jdks\adopt-openjdk-14.0.2\bin\management_ext.dll
0x00007ffe6b870000 - 0x00007ffe6b8ab000 	C:\Windows\SYSTEM32\IPHLPAPI.DLL
0x00007ffe6e550000 - 0x00007ffe6e558000 	C:\Windows\System32\NSI.dll
0x00007ffe63900000 - 0x00007ffe63917000 	C:\Windows\SYSTEM32\dhcpcsvc6.DLL
0x00007ffe63870000 - 0x00007ffe6388d000 	C:\Windows\SYSTEM32\dhcpcsvc.DLL
0x00007ffe6b8b0000 - 0x00007ffe6b97c000 	C:\Windows\SYSTEM32\DNSAPI.dll
0x00007ffe5b970000 - 0x00007ffe5b97a000 	C:\Windows\System32\rasadhlp.dll
0x00007ffe637c0000 - 0x00007ffe6383f000 	C:\Windows\System32\fwpuclnt.dll
0x00007ffe59d40000 - 0x00007ffe59d57000 	C:\Windows\system32\napinsp.dll
0x00007ffe59d20000 - 0x00007ffe59d3b000 	C:\Windows\system32\pnrpnsp.dll
0x00007ffe64180000 - 0x00007ffe64195000 	C:\Windows\system32\wshbth.dll
0x00007ffe68fc0000 - 0x00007ffe68fdd000 	C:\Windows\system32\NLAapi.dll
0x00007ffe59d00000 - 0x00007ffe59d12000 	C:\Windows\System32\winrnr.dll
0x00007ffe6c780000 - 0x00007ffe6c798000 	C:\Windows\SYSTEM32\CRYPTSP.dll
0x00007ffe6b280000 - 0x00007ffe6b2b4000 	C:\Windows\system32\rsaenh.dll
0x00007ffe6c8b0000 - 0x00007ffe6c8de000 	C:\Windows\SYSTEM32\USERENV.dll
0x00007ffe6bf90000 - 0x00007ffe6bf9c000 	C:\Windows\SYSTEM32\CRYPTBASE.dll
0x00007ffe65dc0000 - 0x00007ffe65dce000 	C:\Users\nisum\.jdks\adopt-openjdk-14.0.2\bin\sunmscapi.dll
0x00007ffe6ccc0000 - 0x00007ffe6ce1f000 	C:\Windows\System32\CRYPT32.dll
0x00007ffe6c150000 - 0x00007ffe6c177000 	C:\Windows\SYSTEM32\ncrypt.dll
0x00007ffe6c110000 - 0x00007ffe6c14b000 	C:\Windows\SYSTEM32\NTASN1.dll
0x00007ffe65e20000 - 0x00007ffe65e45000 	C:\Users\nisum\.jdks\adopt-openjdk-14.0.2\bin\sunec.dll

dbghelp: loaded successfully - version: 4.0.5 - missing functions: none
symbol engine: initialized successfully - sym options: 0x614 - pdb path: .;C:\Users\nisum\.jdks\adopt-openjdk-14.0.2\bin;C:\Windows\SYSTEM32;C:\Windows\WinSxS\amd64_microsoft.windows.common-controls_6595b64144ccf1df_6.0.19041.1083_none_60bbe31371f34e71;C:\Windows\system32\tmumh\20019\AddOn\8.53.0.1108;C:\Windows\system32\tmumh\20019\TmMon\2.8.0.1051;C:\Users\nisum\.jdks\adopt-openjdk-14.0.2\bin\server;C:\Users\nisum\AppData\Local\JetBrains\IntelliJ IDEA Community Edition 2021.1.1\bin

VM Arguments:
jvm_args: -Dserver.port=8000 -javaagent:C:\Users\nisum\AppData\Local\JetBrains\IntelliJ IDEA Community Edition 2021.1.1\lib\idea_rt.jar=63704:C:\Users\nisum\AppData\Local\JetBrains\IntelliJ IDEA Community Edition 2021.1.1\bin -Dfile.encoding=UTF-8 
java_command: com.currencyexchange.CurrencyExchangeApplication
java_class_path (initial): C:\Users\nisum\Documents\microservices1\currency-exchange\currency-exchange\target\classes;C:\Users\nisum\.m2\repository\org\springframework\cloud\spring-cloud-starter-netflix-eureka-client\3.0.3\spring-cloud-starter-netflix-eureka-client-3.0.3.jar;C:\Users\nisum\.m2\repository\org\springframework\cloud\spring-cloud-netflix-eureka-client\3.0.3\spring-cloud-netflix-eureka-client-3.0.3.jar;C:\Users\nisum\.m2\repository\com\netflix\eureka\eureka-client\1.10.14\eureka-client-1.10.14.jar;C:\Users\nisum\.m2\repository\com\netflix\netflix-commons\netflix-eventbus\0.3.0\netflix-eventbus-0.3.0.jar;C:\Users\nisum\.m2\repository\com\netflix\netflix-commons\netflix-infix\0.3.0\netflix-infix-0.3.0.jar;C:\Users\nisum\.m2\repository\commons-jxpath\commons-jxpath\1.3\commons-jxpath-1.3.jar;C:\Users\nisum\.m2\repository\joda-time\joda-time\2.3\joda-time-2.3.jar;C:\Users\nisum\.m2\repository\org\antlr\antlr-runtime\3.4\antlr-runtime-3.4.jar;C:\Users\nisum\.m2\repository\org\antlr\stringtemplate\3.2.1\stringtemplate-3.2.1.jar;C:\Users\nisum\.m2\repository\com\google\code\gson\gson\2.8.7\gson-2.8.7.jar;C:\Users\nisum\.m2\repository\org\apache\commons\commons-math\2.2\commons-math-2.2.jar;C:\Users\nisum\.m2\repository\com\thoughtworks\xstream\xstream\1.4.16\xstream-1.4.16.jar;C:\Users\nisum\.m2\repository\io\github\x-stream\mxparser\1.2.1\mxparser-1.2.1.jar;C:\Users\nisum\.m2\repository\xmlpull\xmlpull\1.1.3.1\xmlpull-1.1.3.1.jar;C:\Users\nisum\.m2\repository\javax\ws\rs\jsr311-api\1.1.1\jsr311-api-1.1.1.jar;C:\Users\nisum\.m2\repository\com\netflix\servo\servo-core\0.12.21\servo-core-0.12.21.jar;C:\Users\nisum\.m2\repository\com\google\guava\guava\19.0\guava-19.0.jar;C:\Users\nisum\.m2\repository\org\apache\httpcomponents\httpclient\4.5.13\httpclient-4.5.13.jar;C:\Users\nisum\.m2\repository\org\apache\httpcomponents\httpcore\4.4.14\httpcore-4.4.14.jar;C:\Users\nisum\.m2\repository\commons-codec\commons-codec\1.15\commons-codec-1.15.jar;C:\Users\nisum\.m2\re
Launcher Type: SUN_STANDARD

[Global flags]
     intx CICompilerCount                          = 3                                         {product} {ergonomic}
     uint ConcGCThreads                            = 1                                         {product} {ergonomic}
     uint G1ConcRefinementThreads                  = 4                                         {product} {ergonomic}
   size_t G1HeapRegionSize                         = 1048576                                   {product} {ergonomic}
    uintx GCDrainStackTargetSize                   = 64                                        {product} {ergonomic}
   size_t InitialHeapSize                          = 268435456                                 {product} {ergonomic}
   size_t MarkStackSize                            = 4194304                                   {product} {ergonomic}
   size_t MaxHeapSize                              = 4271898624                                {product} {ergonomic}
   size_t MaxNewSize                               = 2562719744                                {product} {ergonomic}
   size_t MinHeapDeltaBytes                        = 1048576                                   {product} {ergonomic}
   size_t MinHeapSize                              = 8388608                                   {product} {ergonomic}
    uintx NonNMethodCodeHeapSize                   = 5832780                                {pd product} {ergonomic}
    uintx NonProfiledCodeHeapSize                  = 122912730                              {pd product} {ergonomic}
    uintx ProfiledCodeHeapSize                     = 122912730                              {pd product} {ergonomic}
    uintx ReservedCodeCacheSize                    = 251658240                              {pd product} {ergonomic}
     bool SegmentedCodeCache                       = true                                      {product} {ergonomic}
   size_t SoftMaxHeapSize                          = 4271898624                             {manageable} {ergonomic}
     bool UseCompressedClassPointers               = true                                 {lp64_product} {ergonomic}
     bool UseCompressedOops                        = true                                 {lp64_product} {ergonomic}
     bool UseG1GC                                  = true                                      {product} {ergonomic}
     bool UseLargePagesIndividualAllocation        = false                                  {pd product} {ergonomic}

Logging:
Log output configuration:
 #0: stdout all=warning uptime,level,tags
 #1: stderr all=off uptime,level,tags

Environment Variables:
JAVA_HOME=C:\Program Files\Java\jdk-11.0.7\bin
JRE_HOME=C:\Program Files\Java\jre1.8.0_251
PATH=C:\Program Files (x86)\Common Files\Oracle\Java\javapath;C:\Program Files\Java\jdk1.8.0_251\bin;C:\sonarqube-8.7.0.41497\bin;C:\Program Files\MySQL\MySQL Shell 8.0\bin\;C:\Windows\SysWOW64\;C:\Users\nisum\AppData\Local\Programs\Microsoft VS Code\bin
USERNAME=nisum
OS=Windows_NT
PROCESSOR_IDENTIFIER=Intel64 Family 6 Model 61 Stepping 4, GenuineIntel



---------------  S Y S T E M  ---------------

OS: Windows 10 , 64 bit Build 19041 (10.0.19041.1023)
OS uptime: 0 days 18:06 hours

CPU:total 4 (initial active 4) (2 cores per cpu, 2 threads per core) family 6 model 61 stepping 4, cmov, cx8, fxsr, mmx, sse, sse2, sse3, ssse3, sse4.1, sse4.2, popcnt, avx, avx2, aes, clmul, erms, 3dnowpref, lzcnt, ht, tsc, tscinvbit, bmi1, bmi2, adx, fma

Memory: 4k page, system-wide physical 16289M (6526M free)
TotalPageFile size 18721M (AvailPageFile size 5036M)
current process WorkingSet (physical memory assigned to process): 326M, peak: 367M
current process commit charge ("private bytes"): 368M, peak: 403M

vm_info: OpenJDK 64-Bit Server VM (14.0.2+12) for windows-amd64 JRE (14.0.2+12), built on Jul 15 2020 11:30:16 by "" with MS VC++ 15.9 (VS2017)

END.
